<?xml version="1.0" encoding="UTF-8"?>
<testng-results ignored="0" total="1" passed="1" failed="0" skipped="0">
  <reporter-output>
  </reporter-output>
  <suite started-at="2022-06-14T07:18:54 UTC" name="HerokoAppTest" finished-at="2022-06-14T07:19:31 UTC" duration-ms="36724">
    <groups>
    </groups>
    <test started-at="2022-06-14T07:18:54 UTC" name="Command line test" finished-at="2022-06-14T07:19:31 UTC" duration-ms="36724">
      <class name="HerokoAppTest">
        <test-method is-config="true" signature="browserSetup()[pri:0, instance:HerokoAppTest@5e0e82ae]" started-at="2022-06-14T07:18:54 UTC" name="browserSetup" finished-at="2022-06-14T07:19:30 UTC" duration-ms="35429" status="PASS">
          <reporter-output>
          </reporter-output>
        </test-method> <!-- browserSetup -->
        <test-method signature="test()[pri:0, instance:HerokoAppTest@5e0e82ae]" started-at="2022-06-14T07:19:30 UTC" name="test" finished-at="2022-06-14T07:19:31 UTC" duration-ms="1270" status="PASS">
          <reporter-output>
          </reporter-output>
        </test-method> <!-- test -->
      </class> <!-- HerokoAppTest -->
    </test> <!-- Command line test -->
  </suite> <!-- HerokoAppTest -->
</testng-results>
